         w __deregister_frame_info
         w __register_frame_info
         w _ITM_deregisterTMCloneTable
         w _ITM_registerTMCloneTable
00000000 b .LANCHOR1
00000000 00000401 b __fixedpath
00000000 b _TLS_MODULE_BASE_
00000000 a shift
00000000 a shift
00000404 b .LANCHOR3
00000404 00000802 b __utf16path
00000c08 b .LANCHOR5
00000c08 00000802 b __utf16path_old.8583
00100000 A __start__
00100000 T _start
00100008 T __service_ptr
0010000c T __apt_appid
00100010 T __heap_size
00100014 T __linear_heap_size
00100018 T __system_arglist
0010001c T __system_runflags
00100020 t startup
00100058 t ClearMem
0010006c t ClrLoop
00100094 T _init
001000ac T initSystem
001000f0 T __ctru_exit
00100110 T __aeabi_idiv
00100110 00000220 T __divsi3
00100118 t .divsi3_skip_div0_test
00100330 00000020 T __aeabi_idivmod
00100350 00000004 W __aeabi_idiv0
00100350 00000004 W __aeabi_ldiv0
00100354 T __aeabi_uldivmod
001003a8 00000390 T strcmp
00100730 t .udivsi3_skip_div0_test
00100730 T __aeabi_uidiv
00100730 000001ec T __udivsi3
0010091c 00000020 T __aeabi_uidivmod
0010093c T __aeabi_drsub
00100944 000002b0 T __aeabi_dsub
00100944 000002b0 T __subdf3
00100948 000002ac T __adddf3
00100948 000002ac T __aeabi_dadd
00100bf4 00000024 T __aeabi_ui2d
00100bf4 00000024 T __floatunsidf
00100c18 00000028 T __aeabi_i2d
00100c18 00000028 T __floatsidf
00100c40 00000048 T __aeabi_f2d
00100c40 00000048 T __extendsfdf2
00100c88 00000074 T __aeabi_ul2d
00100c88 00000074 T __floatundidf
00100c9c 00000060 T __aeabi_l2d
00100c9c 00000060 T __floatdidf
00100cfc T __aeabi_ldivmod
00100dd0 t deregister_tm_clones
00100dfc t register_tm_clones
00100e34 t __do_global_dtors_aux
00100e78 t frame_dummy
00100eac 00000228 T main
001010d4 00000018 T consoleSelect
001010ec 000001b8 T consoleDrawChar
001012a4 00000124 T consolePrintChar
001013c8 0000015c t consoleCls
00101524 00000104 T consoleInit
00101628 0000010c t consoleClearLine
00101734 000000c4 t newRow
001017f8 000007cc T con_write
00101fc4 0000008c t gfxSetFramebufferInfo.part.0
00102050 0000006c t gfxSetFramebufferInfo
001020bc 00000058 t gfxGetFramebuffer.part.0
00102114 00000018 T __get_bytes_per_pixel
0010212c 00000184 T gfxSetScreenFormat
001022b0 00000010 T gfxSetDoubleBuffering
001022c0 00000214 T gfxInit
001024d4 00000010 T gfxInitDefault
001024e4 000000e0 T gfxExit
001025c4 00000064 T gfxGetFramebuffer
00102628 000000cc T gfxFlushBuffers
001026f4 000000f4 T gfxConfigScreen
001027e8 00000020 T gfxSwapBuffers
00102808 00000020 T gfxSwapBuffersGpu
00102828 00000074 T gspInit
0010289c 0000003c T gspExit
001028d8 000000a4 T gspInitEventHandler
0010297c 00000040 T gspExitEventHandler
001029bc 00000050 T gspWaitForEvent
00102a0c 00000004 W gxCmdQueueInterrupt
00102a10 00000178 t gspEventThreadMain
00102b88 0000006c T GSPGPU_SetBufferSwap
00102bf4 0000004c T GSPGPU_FlushDataCache
00102c40 00000034 T GSPGPU_SetLcdForceBlack
00102c74 00000064 T GSPGPU_RegisterInterruptRelayQueue
00102cd8 0000002c T GSPGPU_UnregisterInterruptRelayQueue
00102d04 00000048 T GSPGPU_AcquireRight
00102d4c 0000002c T GSPGPU_ReleaseRight
00102d78 00000080 T GSPGPU_ImportDisplayCaptureInfo
00102df8 0000002c T GSPGPU_SaveVramSysArea
00102e24 0000002c T GSPGPU_RestoreVramSysArea
00102e50 00000004 W _aptDebug
00102e54 00000170 T aptSendCommand
00102fc4 0000003c t aptExitProcess
00103000 0000001c T aptSetMessageCallback
0010301c 00000050 T APT_InquireNotification
0010306c 00000194 t aptEventHandler
00103200 00000074 T APT_AppletUtility
00103274 000000b0 T aptSetSleepAllowed
00103324 000000b4 T APT_GlanceParameter
001033d8 000000c8 T APT_ReceiveParameter
001034a0 000000bc t aptReceiveParameter.constprop.0
00103560 000001e0 t aptScreenTransfer
00103740 00000210 t aptWaitForWakeUp
00103950 00000058 T APT_SendParameter
001039a8 00000070 T APT_CancelParameter
00103a18 0000025c T aptInit
00103c74 00000088 t aptClearParamQueue
00103cfc 00000264 T aptMainLoop
00103f60 00000254 T aptExit
001041b4 000000dc T aptLaunchLibraryApplet
00104290 0000007c T APT_CheckNew3DS
0010430c 00000028 t hidCheckSectionUpdateTime.part.0
00104334 000000d0 T hidExit
00104404 000001d8 T hidScanInput
001045dc 00000010 T hidKeysDown
001045ec 00000090 T HIDUSER_GetHandles
0010467c 000001a4 T hidInit
00104820 00000028 t swkbdConvertToUTF16.part.0
00104848 00000168 t swkbdMessageCallback
001049b0 00000078 T swkbdInit
00104a28 0000002c T swkbdSetHintText
00104a54 00000008 T swkbdSetInitialText
00104a5c 000003b4 T swkbdInputText
00104e10 000000e8 T utf16_to_utf8
00104ef8 00000060 T decode_utf16
00104f58 000000c0 T utf8_to_utf16
00105018 00000038 W __libctru_init
00105050 00000034 t __libctru_nanosleep
00105084 00000030 t __ctru_get_reent
001050b4 000000fc T __system_initSyscalls
001051b0 00000100 W __system_allocateHeaps
001052b0 000000f0 T __system_initArgv
001053a0 T svcControlMemory
001053c0 T svcExitProcess
001053c8 T svcCreateThread
001053e8 T svcExitThread
001053f0 T svcSleepThread
001053f8 T svcReleaseMutex
00105400 T svcCreateEvent
00105414 T svcSignalEvent
0010541c T svcClearEvent
00105424 T svcCreateMemoryBlock
0010543c T svcMapMemoryBlock
00105444 T svcUnmapMemoryBlock
0010544c T svcCreateAddressArbiter
00105460 T svcArbitrateAddress
00105478 T svcCloseHandle
00105480 T svcWaitSynchronization
00105488 T svcWaitSynchronizationN
001054b0 T svcDuplicateHandle
001054c4 T svcGetSystemTick
001054cc T svcGetSystemInfo
001054e4 T svcConnectToPort
001054f8 T svcSendSyncRequest
00105500 T svcBreak
00105508 00000024 t addrMapNodeComparator(rbtree_node const*, rbtree_node const*)
0010552c 00000004 t addrMapNodeDestructor(rbtree_node*)
00105530 00000114 T vramMemAlign
00105644 00000008 T vramAlloc
0010564c 00000054 T vramFree
001056a0 00000024 t addrMapNodeComparator(rbtree_node const*, rbtree_node const*)
001056c4 00000004 t addrMapNodeDestructor(rbtree_node*)
001056c8 000000e8 T mappableAlloc
001057b0 00000054 T mappableFree
00105804 00000024 t addrMapNodeComparator(rbtree_node const*, rbtree_node const*)
00105828 00000004 t addrMapNodeDestructor(rbtree_node*)
0010582c 00000124 T linearMemAlign
00105950 00000008 T linearAlloc
00105958 00000054 T linearFree
001059ac 0000008c T MemPool::CoalesceRight(MemBlock*)
00105a38 00000174 T MemPool::Allocate(MemChunk&, unsigned long, int)
00105bac 000000fc T MemPool::Deallocate(MemChunk const&)
00105ca8 00000038 t LightLock_Unlock.part.0
00105ce0 0000000c T __sync_init
00105cec 00000018 T __sync_fini
00105d04 00000010 T __sync_get_arbiter
00105d14 00000018 T LightLock_Init
00105d2c 00000090 T LightLock_Lock
00105dbc 00000034 T LightLock_TryLock
00105df0 00000020 T LightLock_Unlock
00105e10 00000024 T RecursiveLock_Init
00105e34 00000030 T RecursiveLock_Lock
00105e64 00000058 T RecursiveLock_TryLock
00105ebc 00000038 T RecursiveLock_Unlock
00105ef4 00000038 T LightEvent_Init
00105f2c 0000007c T LightEvent_Clear
00105fa8 000000dc T LightEvent_Signal
00106084 000000c0 T LightEvent_Wait
00106144 00000058 t getSysTime
0010619c 00000028 t __ctru_speedup_config.part.0
001061c4 00000024 T osGetMemRegionUsed
001061e8 00000128 T __libctru_gtod
00106310 00000018 T __ctru_speedup_config
00106328 00000058 T srvExit
00106380 00000038 T srvRegisterClient
001063b8 000000cc T srvInit
00106484 00000080 T srvGetServiceHandleDirect
00106504 00000048 T srvGetServiceHandle
0010654c 0000001c t threadFree.part.0
00106568 00000180 T threadCreate
001066e8 00000024 T threadJoin
0010670c 00000068 T threadExit
00106774 00000048 t _thread_begin
001067bc 000000ac T irrstScanInput
00106868 00000024 T irrstKeysHeld
0010688c 00000050 T IRRST_GetHandles
001068dc 00000154 T irrstInit
00106a30 0000002c T IRRST_Shutdown
00106a5c 000000ac T irrstExit
00106b08 0000000c T srvPmGetSessionHandle
00106b14 00000074 T ptmSysmInit
00106b88 0000003c T ptmSysmExit
00106bc4 00000034 T PTMSYSM_ConfigureNew3DSCPU
00106bf8 00000014 T rbtree_init
00106c0c 000001a4 t do_insert
00106db0 00000008 T rbtree_insert
00106db8 00000090 T rbtree_rotate
00106e48 00000334 T rbtree_remove
0010717c 00000074 T rbtree_find
001071f0 00000068 T encode_utf16
00107258 00000104 T encode_utf8
0010735c 00000138 T decode_utf8
00107494 0000001c W __appInit
001074b0 0000001c W __appExit
001074cc 000000a0 W __libctru_exit
0010756c 00000084 T envGetHandle
001075f0 0000004c T envDestroyHandles
0010763c 00000014 t sdmc_link
00107650 00000014 t sdmc_dirreset
00107664 00000014 t sdmc_chmod
00107678 00000024 t error_cmp
0010769c 00000050 t sdmc_translate_error
001076ec 00000034 t sdmc_fsync
00107720 00000054 t sdmc_ftruncate
00107774 000000bc t sdmc_statvfs
00107830 00000038 t sdmc_dirclose
00107868 0000013c t sdmc_dirnext
001079a4 00000034 t sdmc_close
001079d8 00000070 t sdmc_fstat
00107a48 000000d4 t sdmc_seek
00107b1c 00000078 t sdmc_read
00107b94 000000ac t sdmc_write
00107c40 000001b0 t sdmc_utf16path
00107df0 00000074 t sdmc_rmdir
00107e64 000000a4 t sdmc_diropen
00107f08 000000ac t sdmc_chdir
00107fb4 00000098 t sdmc_mkdir
0010804c 00000108 t sdmc_rename
00108154 00000074 t sdmc_unlink
001081c8 00000108 t sdmc_stat
001082d0 00000198 t sdmc_open
00108468 00000014 t sdmc_fchmod
0010847c 00000168 T sdmcInit
001085e4 00000060 T sdmcExit
00108644 00000028 t fsSessionForArchive.part.0
0010866c 000000c4 T fsInit
00108730 0000003c T fsExit
0010876c 00000064 T fsExemptFromSession
001087d0 0000005c T fsUnexemptFromSession
0010882c 000000bc T FSUSER_OpenFile
001088e8 000000ac T FSUSER_DeleteFile
00108994 000000e8 T FSUSER_RenameFile
00108a7c 000000ac T FSUSER_DeleteDirectory
00108b28 000000c4 T FSUSER_CreateFile
00108bec 000000b4 T FSUSER_CreateDirectory
00108ca0 000000e8 T FSUSER_RenameDirectory
00108d88 000000a0 T FSUSER_OpenDirectory
00108e28 00000098 T FSUSER_OpenArchive
00108ec0 00000078 T FSUSER_CloseArchive
00108f38 00000078 T FSUSER_GetSdmcArchiveResource
00108fb0 00000064 T FSUSER_IsSdmcWritable
00109014 0000005c T FSFILE_Read
00109070 00000064 T FSFILE_Write
001090d4 00000038 T FSFILE_GetSize
0010910c 00000028 T FSFILE_SetSize
00109134 0000003c T FSFILE_Close
00109170 00000024 T FSFILE_Flush
00109194 00000054 T FSDIR_Read
001091e8 0000003c T FSDIR_Close
00109224 00000050 T rbtree_node_next
00109274 T __aeabi_read_tp
00109280 00000038 T __aeabi_d2lz
00109280 00000038 T __fixdfdi
001092b8 00000040 T __aeabi_d2ulz
001092b8 00000040 T __fixunsdfdi
001092f8 00000130 T __udivmoddi4
00109428 0000007c T bsearch
001094a4 00000034 T exit
001094d8 0000003c T __libc_fini_array
00109514 00000020 T gmtime
00109534 00000278 T gmtime_r
001097ac 0000007c T __libc_init_array
00109828 00000028 T memalign
00109850 0000014c T _memalign_r
0010999c 00000020 T malloc
001099bc 00000020 T free
001099dc 000007d0 T _malloc_r
0010a1ac 000000e0 T memchr
0010a28c 00000120 T memcpy
0010a3ac 00000118 T memset
0010a4c4 0000000c T __malloc_lock
0010a4d0 0000000c T __malloc_unlock
0010a4dc 00000034 T printf
0010a510 000000e0 T _puts_r
0010a5f0 00000020 T puts
0010a610 0000001c T srand
0010a62c 00000044 T rand
0010a670 00000260 T setvbuf
0010a8d0 00000074 T sscanf
0010a944 0000003c T __sread
0010a980 00000008 T __seofread
0010a988 00000068 T __swrite
0010a9f0 00000058 T __sseek
0010aa48 00000008 T __sclose
0010aa50 0000005c T strlen
0010aaac 00000098 T strncat
0010ab44 000000c0 T strncpy
0010ac04 00000048 T strnlen
0010ac4c 00000048 t get_arg
0010ac94 00002b84 T __ssvfscanf_r
0010d818 0000003c T time
0010d854 00000034 T __sprint_r
0010d888 00000650 t get_arg
0010ded8 000038e0 T _vfprintf_r
001117b8 000000d4 t __sbprintf
0011188c 00000054 T _wcrtomb_r
001118e0 00000020 T _wcsrtombs_r
00111900 00000150 T __swsetup_r
00111a50 00000118 T __call_exitprocs
00111b68 000001a8 t quorem
00111d10 000012ac T _dtoa_r
00112fbc 00000278 T __sflush_r
00113234 00000094 T _fflush_r
001132c8 00000078 t std
00113340 0000000c T _cleanup_r
0011334c 0000008c T __sinit
001133d8 0000000c T __sfp_lock_acquire
001133e4 0000000c T __sfp_lock_release
001133f0 000000f8 T _malloc_trim_r
001134e8 000002e8 T _free_r
001137d0 000004a4 T __sfvwrite_r
00113c74 00000070 T _fwalk_reent
00113ce4 00000008 T iswspace
00113cec 0000000c T _localeconv_r
00113cf8 00000010 T __locale_mb_cur_max
00113d08 00000094 T __swhatbuf_r
00113d9c 000000f8 T __smakebuf_r
00113e94 00000060 T _mbrtowc_r
00113ef4 000002fc T __utf8_mbtowc
001141f0 00000154 T memmove
00114344 00000088 T _Balloc
001143cc 0000001c T _Bfree
001143e8 000000d0 T __multadd
001144b8 000000ec T __s2b
001145a4 00000058 T __hi0bits
001145fc 0000009c T __lo0bits
00114698 00000020 T __i2b
001146b8 000001e0 T __multiply
00114898 00000100 T __pow5mult
00114998 00000114 T __lshift
00114aac 00000058 T __mcmp
00114b04 00000190 T __mdiff
00114c94 00000088 T __ulp
00114d1c 000000d4 T __b2d
00114df0 00000104 T __d2b
00114ef4 00000084 T __ratio
00114f78 0000006c T __copybits
00114fe4 0000005c T __any_on
00115040 00000028 T realloc
00115068 000004bc T _realloc_r
00115524 000000e8 T __sccl
0011560c 0000000c T nanf
00115618 000000a8 T frexp
001156c0 00000064 T sprintf
00115724 000000b8 T stpncpy
001157dc 00000144 T strchr
00115920 000000ec T strncmp
00115a0c 00000054 t sulp
00115a60 00001414 T _strtod_l
00116e74 0000000c T _strtod_r
00116e80 0000023c t _strtoll_l.isra.0
001170bc 00000004 T _strtoll_r
001170c0 000001b4 t _strtol_l.isra.0
00117274 00000004 T _strtol_r
00117278 0000024c t _strtoull_l.isra.0
001174c4 00000004 T _strtoull_r
001174c8 000001c8 t _strtoul_l.isra.0
00117690 00000004 T _strtoul_r
00117694 00000188 T __ssprint_r
0011781c 000000e0 T _sungetc_r
001178fc 0000006c T __ssrefill_r
00117968 000000c8 T _sfread_r
00117a30 00000650 t get_arg
00118080 00003814 T _svfprintf_r
0011b894 000000a8 T __submore
0011b93c 00000190 T _wcsnrtombs_l
0011bacc 00000048 T _wcsnrtombs_r
0011bb14 000000f0 T __utf8_wctomb
0011bc04 00000094 T _calloc_r
0011bc98 00000160 T _fclose_r
0011bdf8 000000ec t rshift
0011bee4 00000828 T __gethex
0011c70c 00000060 T __match
0011c76c 0000028c T __hexnan
0011c9f8 0000003c T iswspace_l
0011ca34 000001e0 t __jp2uc
0011cc14 00000094 T _jp2uc_l
0011cca8 00000010 T nan
0011ccb8 00000088 T category
0011cd40 00000008 t null_write
0011cd48 00000018 T setDefaultDevice
0011cd60 000000c8 T FindDevice
0011ce28 00000028 T RemoveDevice
0011ce50 0000009c T AddDevice
0011ceec 00000078 T _fstat_r
0011cf64 00000038 T _gettimeofday_r
0011cf9c 00000008 T _isatty_r
0011cfa4 00000084 T _lseek_r
0011d028 00000080 T _read_r
0011d0a8 00000078 T _sbrk_r
0011d120 00000080 T _write_r
0011d1a0 00000024 T _exit
0011d1c4 000001bc T _concatenate_path
0011d380 0000015c T chdir
0011d4dc 00000008 T __flockfile
0011d4e4 00000008 T __funlockfile
0011d4ec 00000018 T __libc_lock_acquire
0011d504 00000018 T __libc_lock_release
0011d51c 00000018 T __libc_lock_init_recursive
0011d534 00000018 T __libc_lock_acquire_recursive
0011d54c 00000018 T __libc_lock_release_recursive
0011d564 00000018 T __libc_lock_close_recursive
0011d57c 0000003c T __get_handle
0011d5b8 000000f8 T _close_r
0011d6b0 00000028 T __getreent
0011d6d8 00000044 T strrchr
0011d71c T _fini
0011e000 R default_font_bin
0011e800 R default_font_bin_end
0011e800 R default_font_bin_size
0011e9bc 00000030 r colorTable
0011e9ec 00000070 r dotab_stdout
0011ea5c 00000014 r CSWTCH.62
0011ea70 00000008 r framebufferInfoSt
0011eae0 00000030 r error_table
0011eb18 00000004 R _global_impure_ptr
0011eb24 00000022 r basefix.8820
0011eb84 00000010 r blanks.8791
0011eb94 00000010 r zeroes.8792
0011eba4 00000101 R _ctype_
0011ecb8 r .LC2
0011ed08 00000028 R __mprec_bigtens
0011ed30 000000c8 R __mprec_tens
0011edf8 0000000c r p05.7510
0011ee14 00000014 r fpi.7590
0011ee28 00000014 r fpinan.7626
0011ee40 00000028 r tinytens
0011ee68 0000006c R __action_table
0011eed4 00000100 R __chclass
0011efd4 0000006c R __state_table
0011f040 00000010 r blanks.8776
0011f050 00000010 r zeroes.8777
0011f060 00000100 R __hexdig
0011f174 000000bc r a1
0011f230 000000bc r a2
0011f2ec 0000005b r a3
0011f348 00000070 r a6
0011f3b8 000000a2 r a7
0011f45c 00000040 r a8
0011f49c 0000172a r b02cf
00120bc8 00001a7c r d02f4
00122644 0000000c R _C_numeric_locale
00122650 0000309c r categories
001256f4 00000070 R dotab_stdnull
00125764 r 
00125764 R __exidx_end
00125764 R __exidx_start
00126000 W __stacksize__
00126004 00000004 D currentConsole
00126008 0000004c D defaultConsole
00126054 00000001 d firstConsoleInit.8429
00126055 00000001 d botFormat
00126058 00000008 d doubleBuf
00126060 00000001 d topFormat
00126064 00000004 d gspLastEvent
00126068 00000004 d aptFlags
0012606c 00000001 d aptHomeAllowed
00126070 00000004 V __ctru_linear_heap_size
00126074 00000401 d __cwd
00126478 00000070 d sdmc_devoptab
001264e8 00000004 D _impure_ptr
001264f0 00000460 d impure_data
00126950 00000408 D __malloc_av_
00126d58 00000004 D __malloc_sbrk_base
00126d5c 00000004 D __malloc_trim_threshold
00126d60 0000000c d __malloc_recursive_mutex
00126d6c 0000000c D __atexit_recursive_mutex
00126d78 0000000c d __sfp_recursive_mutex
00126d84 0000000c d __sinit_recursive_mutex
00126d90 0000016c D __global_locale
00126efc 00000002 d numempty
00126f00 00000004 d defaultDevice
00126f04 0000008c D devoptab_list
00126f90 00000400 d _current_working_directory
00127390 00000004 d __hndl_lock
00127394 0000000c d __stderr_handle
001273a0 0000000c d __stdin_handle
001273ac 0000000c d __stdout_handle
001273b8 00001000 d handles
001283b8 t __frame_dummy_init_array_entry
001283b8 T __init_array_start
001283b8 B __preinit_array_end
001283b8 B __preinit_array_start
001283b8 D __tdata_lma
001283b8 D __tdata_lma_end
001283b8 D __TMC_END__
001283b8 d __TMC_LIST__
001283bc t __do_global_dtors_aux_fini_array_entry
001283bc T __fini_array_start
001283bc T __init_array_end
001283c0 T __bss_start__
001283c0 T __fini_array_end
001283c0 00000400 b teclado.14402
001287c0 0000003c b buffer_para_teclado.14403
001287fc b saved_stack
00128804 b completed.10434
00128808 b object.10439
00128820 00000002 b currentBuffer
00128822 00000001 b enable3d
00128824 00000004 b screenAlloc
00128828 00000004 b screenFree
0012882c 00000004 b gspEvent
00128830 0000001c b gspEventCb
0012884c 0000001c b gspEventCbData
00128868 00000007 b gspEventCbOneShot
00128870 0000001c b gspEventCounts
0012888c 00000004 b gspEventData
00128890 00000004 b gspEventThread
00128894 00000038 b gspEvents
001288cc 00000004 b gspRefCount
001288d0 00000001 b gspRunEvents
001288d1 00000001 b aptChainloadMediatype
001288d8 00000008 b aptChainloadTid
001288e0 00000004 b aptEventHandlerThread
001288e4 0000000c b aptEvents
001288f0 0000000c b aptFirstHook
001288fc 00000001 b aptHomeButtonState
00128900 00000004 b aptLockHandle
00128904 00000004 b aptMessageFunc
00128908 00000004 b aptMessageFuncData
0012890c 00001000 b aptParameters
0012990c 00000001 b aptRecentHomeButtonState
00129910 00000004 b aptRefCount
00129914 00000008 b aptSleepEvent
0012991c 00000001 b flagInit.8300
0012991d 00000001 b flagValue.8301
00129920 00000004 b serviceName.7930
00129924 00000006 b aVec
0012992c 00000004 b cPos
00129930 00000006 b gRate
00129938 00000004 b hidRefCount
0012993c 00000004 b kDown
00129940 00000004 b kHeld
00129944 00000004 b kOld
00129948 00000004 b kUp
0012994c 00000004 b tPos
00129950 00000004 b swkbdSharedMem
00129954 00000004 b swkbdSharedMemHandle
00129958 00000004 V __ctru_heap_size
0012995c 0000000c b sAddrMap
00129968 00000008 b sVramPool
00129970 00000008 b sMappablePool
00129978 0000000c b sAddrMap
00129984 00000008 b sLinearPool
0012998c 0000000c b sAddrMap
00129998 00000004 b arbiter
0012999c 00000001 V __ctru_speedup
001299a0 00000004 b srvHandle
001299a4 00000004 b srvRefCount
001299a8 00000004 b csPos
001299ac 00000004 b irrstRefCount
001299b0 00000004 b kHeld
001299b4 00000004 b srvPmHandle
001299b8 00000004 b ptmSysmHandle
001299bc 00000004 b ptmSysmRefCount
001299c0 00000008 b sdmcArchive
001299c8 00000001 b sdmcInitialised
001299d0 00000080 b fsExemptArchives
00129a50 00000004 b fsuHandle
00129a54 00000004 b fsuRefCount
00129a58 00000028 B __malloc_current_mallinfo
00129a80 00000004 B __malloc_max_sbrked_mem
00129a84 00000004 B __malloc_max_total_mem
00129a88 00000004 B __malloc_top_pad
00129a8c 00000004 b heap_start.7420
00129a90 00000004 B fake_heap_end
00129a94 00000004 B fake_heap_start
00129a98 00000400 b temp_cwd
00129e98 00000048 B __syscalls
00129ee0 0000004c B currentCopy
00129f2c 00000008 B gfxBottomFramebuffers
00129f34 00000004 B gspSharedMemHandle
00129f38 0000001c B bottomFramebufferInfo
00129f54 00000004 B gspEvent
00129f58 00000008 B gfxTopLeftFramebuffers
00129f60 00000008 B gfxTopRightFramebuffers
00129f68 0000001c B topFramebufferInfo
00129f84 00000001 B gfxThreadID
00129f88 00000004 B gfxSharedMemory
00129f8c 00000004 B gfxTopFramebufferMaxSize
00129f90 00000004 B gfxBottomFramebufferMaxSize
00129f94 00000004 B gxCmdBuf
00129f98 00000004 B gspGpuHandle
00129f9c 00000004 B hidMemHandle
00129fa0 00000004 B hidHandle
00129fa4 00000004 B hidSharedMem
00129fa8 00000014 B hidEvents
00129fbc 00000004 B __system_retAddr
00129fc0 00000004 B __ctru_linear_heap
00129fc4 00000004 B __ctru_heap
00129fc8 00000004 B __system_argv
00129fcc 00000004 B __system_argc
00129fd0 00000004 B irrstHandle
00129fd4 00000004 B irrstEvent
00129fd8 00000004 B irrstMemHandle
00129fdc 00000004 B irrstSharedMem
00129fe0 B __tls_start
0012b3ec B __bss_end__
0012b3ec A __end__
0012b3ec B __tls_end
